SubwaySerfGame/Library/Bee/Android/Prj/IL2CPP/Gradle/launcher/build/outputs/logs/manifest-merger-release-report.txt
-- Merging decision tree log ---
manifest
ADDED from src\main\AndroidManifest.xml:2:1-5:12
INJECTED from src\main\AndroidManifest.xml:2:1-5:12
INJECTED from src\main\AndroidManifest.xml:2:1-5:12
INJECTED from src\main\AndroidManifest.xml:2:1-5:12
MERGED from [:unityLibrary] AndroidManifest.xml:2:1-72:12
MERGED from [:androidx.versionedparcelable.versionedparcelable-1.1.1:] AndroidManifest.xml:17:1-27:12
MERGED from [:androidx.core.core-1.6.0:] AndroidManifest.xml:17:1-26:12
MERGED from [:androidx.work.work-runtime-2.7.0:] AndroidManifest.xml:17:1-72:12
MERGED from [:androidx.slidingpanelayout.slidingpanelayout-1.0.0:] AndroidManifest.xml:17:1-22:12
MERGED from [:com.google.android.gms.play-services-measurement-impl-21.2.0:] AndroidManifest.xml:17:1-32:12
MERGED from [:com.google.firebase.firebase-app-unity-10.6.0:] AndroidManifest.xml:3:1-8:12
MERGED from [:androidx.coordinatorlayout.coordinatorlayout-1.0.0:] AndroidManifest.xml:17:1-22:12
MERGED from [:com.google.android.gms.play-services-tasks-18.0.2:] AndroidManifest.xml:2:1-6:12
MERGED from [:androidx.loader.loader-1.0.0:] AndroidManifest.xml:17:1-22:12
MERGED from [:com.google.firebase.firebase-installations-17.0.1:] AndroidManifest.xml:2:1-24:12
MERGED from [:androidx.browser.browser-1.4.0:] AndroidManifest.xml:17:1-24:12
MERGED from [:com.google.android.gms.play-services-safetynet-17.0.0:] AndroidManifest.xml:17:1-24:12
MERGED from [:com.google.android.ump.user-messaging-platform-2.0.0:] AndroidManifest.xml:2:1-7:12
MERGED from [:com.google.android.gms.play-services-ads-lite-21.3.0:] AndroidManifest.xml:17:1-44:12
MERGED from [:androidx.annotation.annotation-experimental-1.1.0:] AndroidManifest.xml:17:1-24:12
MERGED from [:com.google.android.gms.play-services-auth-api-phone-17.4.0:] AndroidManifest.xml:2:1-7:12
MERGED from [:androidx.lifecycle.lifecycle-livedata-core-2.1.0:] AndroidManifest.xml:17:1-22:12
MERGED from [:androidx.cursoradapter.cursoradapter-1.0.0:] AndroidManifest.xml:17:1-22:12
MERGED from [:androidx.asynclayoutinflater.asynclayoutinflater-1.0.0:] AndroidManifest.xml:17:1-22:12
MERGED from [:com.google.firebase.firebase-common-20.3.1:] AndroidManifest.xml:15:1-23:12
MERGED from [:com.google.android.gms.play-services-appset-16.0.1:] AndroidManifest.xml:2:1-9:12
MERGED from [:com.google.android.gms.play-services-basement-18.1.0:] AndroidManifest.xml:16:1-26:12
MERGED from [:androidx.lifecycle.lifecycle-service-2.1.0:] AndroidManifest.xml:17:1-22:12
MERGED from [:com.google.android.gms.play-services-measurement-base-21.2.0:] AndroidManifest.xml:2:1-9:12
MERGED from [:lunar-console:] AndroidManifest.xml:2:1-19:12
MERGED from [:com.google.firebase.firebase-components-17.1.0:] AndroidManifest.xml:15:1-22:12
MERGED from [:androidx.startup.startup-runtime-1.1.1:] AndroidManifest.xml:17:1-22:12
MERGED from [:com.google.android.gms.play-services-measurement-sdk-api-21.2.0:] AndroidManifest.xml:17:1-28:12
MERGED from [:androidx.drawerlayout.drawerlayout-1.0.0:] AndroidManifest.xml:17:1-22:12
MERGED from [:com.google.android.gms.play-services-ads-base-21.3.0:] AndroidManifest.xml:2:1-9:12
MERGED from [:com.google.firebase.firebase-analytics-21.2.0:] AndroidManifest.xml:2:1-9:12
MERGED from [:com.google.firebase.firebase-measurement-connector-19.0.0:] AndroidManifest.xml:17:1-25:12
MERGED from [:com.google.firebase.firebase-database-unity-10.6.0:] AndroidManifest.xml:3:1-8:12
MERGED from [:androidx.documentfile.documentfile-1.0.0:] AndroidManifest.xml:17:1-22:12
MERGED from [:com.google.android.gms.play-services-measurement-21.2.0:] AndroidManifest.xml:17:1-46:12
MERGED from [:androidx.interpolator.interpolator-1.0.0:] AndroidManifest.xml:17:1-22:12
MERGED from [:com.google.firebase.firebase-appcheck-interop-16.1.0:] AndroidManifest.xml:15:1-25:12
MERGED from [:com.google.android.gms.play-services-base-18.2.0:] AndroidManifest.xml:16:1-24:12
MERGED from [:androidx.lifecycle.lifecycle-process-2.4.1:] AndroidManifest.xml:17:1-24:12
MERGED from [:com.google.firebase.firebase-database-20.1.0:] AndroidManifest.xml:15:1-37:12
MERGED from [:com.google.firebase.firebase-auth-21.1.0:] AndroidManifest.xml:17:1-73:12
MERGED from [:com.google.firebase.firebase-auth-interop-20.0.0:] AndroidManifest.xml:2:1-10:12
MERGED from [:androidx.lifecycle.lifecycle-runtime-2.4.1:] AndroidManifest.xml:17:1-24:12
MERGED from [:androidx.sqlite.sqlite-2.1.0:] AndroidManifest.xml:17:1-24:12
MERGED from [:com.google.firebase.firebase-installations-interop-17.0.1:] AndroidManifest.xml:15:1-23:12
MERGED from [:androidx.print.print-1.0.0:] AndroidManifest.xml:17:1-22:12
MERGED from [:androidx.legacy.legacy-support-core-utils-1.0.0:] AndroidManifest.xml:17:1-22:12
MERGED from [:androidx.sqlite.sqlite-framework-2.1.0:] AndroidManifest.xml:17:1-24:12
MERGED from [:com.google.android.gms.play-services-measurement-sdk-21.2.0:] AndroidManifest.xml:17:1-25:12
MERGED from [:com.google.android.gms.play-services-stats-17.0.2:] AndroidManifest.xml:2:1-9:12
MERGED from [:googlemobileads-unity:] AndroidManifest.xml:7:1-14:12
MERGED from [:androidx.legacy.legacy-support-core-ui-1.0.0:] AndroidManifest.xml:17:1-22:12
MERGED from [:com.google.firebase.firebase-auth-unity-10.6.0:] AndroidManifest.xml:3:1-8:12
MERGED from [:androidx.room.room-runtime-2.2.5:] AndroidManifest.xml:17:1-31:12
MERGED from [:androidx.lifecycle.lifecycle-livedata-2.1.0:] AndroidManifest.xml:17:1-22:12
MERGED from [:androidx.arch.core.core-runtime-2.1.0:] AndroidManifest.xml:17:1-24:12
MERGED from [:androidx.customview.customview-1.0.0:] AndroidManifest.xml:17:1-22:12
MERGED from [:androidx.viewpager.viewpager-1.0.0:] AndroidManifest.xml:17:1-22:12
MERGED from [:com.google.firebase.firebase-database-collection-18.0.1:] AndroidManifest.xml:2:1-9:12
MERGED from [:androidx.fragment.fragment-1.0.0:] AndroidManifest.xml:17:1-22:12
MERGED from [:androidx.swiperefreshlayout.swiperefreshlayout-1.0.0:] AndroidManifest.xml:17:1-22:12
MERGED from [:androidx.localbroadcastmanager.localbroadcastmanager-1.0.0:] AndroidManifest.xml:17:1-22:12
MERGED from [:com.google.android.gms.play-services-ads-21.3.0:] AndroidManifest.xml:17:1-25:12
MERGED from [:com.google.android.gms.play-services-ads-identifier-18.0.0:] AndroidManifest.xml:17:1-27:12
MERGED from [:com.google.android.gms.play-services-measurement-api-21.2.0:] AndroidManifest.xml:17:1-37:12
MERGED from [:androidx.tracing.tracing-1.0.0:] AndroidManifest.xml:17:1-24:12
MERGED from [:androidx.lifecycle.lifecycle-viewmodel-2.0.0:] AndroidManifest.xml:17:1-22:12
MERGED from [:unityLibrary:GoogleMobileAdsPlugin.androidlib] AndroidManifest.xml:2:1-21:12
MERGED from [:unityLibrary:FirebaseApp.androidlib] AndroidManifest.xml:2:1-11:12
INJECTED from src\main\AndroidManifest.xml:2:1-5:12
INJECTED from src\main\AndroidManifest.xml:2:1-5:12
INJECTED from src\main\AndroidManifest.xml:2:1-5:12
	package
		ADDED from src\main\AndroidManifest.xml:2:70-128
		INJECTED from src\main\AndroidManifest.xml
		INJECTED from src\main\AndroidManifest.xml
	android:versionName
		INJECTED from src\main\AndroidManifest.xml
		ADDED from src\main\AndroidManifest.xml:2:1-5:12
		INJECTED from src\main\AndroidManifest.xml
	xmlns:tools
		ADDED from src\main\AndroidManifest.xml:2:129-175
	android:versionCode
		INJECTED from src\main\AndroidManifest.xml
		ADDED from src\main\AndroidManifest.xml:2:1-5:12
		INJECTED from src\main\AndroidManifest.xml
	xmlns:android
		ADDED from src\main\AndroidManifest.xml:2:11-69
	android:installLocation
		ADDED from src\main\AndroidManifest.xml:2:176-216
supports-screens
ADDED from src\main\AndroidManifest.xml:3:3-163
	android:largeScreens
		ADDED from src\main\AndroidManifest.xml:3:78-105
	android:smallScreens
		ADDED from src\main\AndroidManifest.xml:3:21-48
	android:normalScreens
		ADDED from src\main\AndroidManifest.xml:3:49-77
	android:xlargeScreens
		ADDED from src\main\AndroidManifest.xml:3:106-134
	android:anyDensity
		ADDED from src\main\AndroidManifest.xml:3:135-160
application
ADDED from src\main\AndroidManifest.xml:4:3-83
MERGED from [:unityLibrary] AndroidManifest.xml:29:5-70:19
MERGED from [:unityLibrary] AndroidManifest.xml:29:5-70:19
MERGED from [:androidx.versionedparcelable.versionedparcelable-1.1.1:] AndroidManifest.xml:24:5-25:19
MERGED from [:androidx.versionedparcelable.versionedparcelable-1.1.1:] AndroidManifest.xml:24:5-25:19
MERGED from [:androidx.core.core-1.6.0:] AndroidManifest.xml:24:5-89
MERGED from [:androidx.core.core-1.6.0:] AndroidManifest.xml:24:5-89
MERGED from [:androidx.work.work-runtime-2.7.0:] AndroidManifest.xml:23:3-71:17
MERGED from [:androidx.work.work-runtime-2.7.0:] AndroidManifest.xml:23:3-71:17
MERGED from [:com.google.android.gms.play-services-measurement-impl-21.2.0:] AndroidManifest.xml:29:5-30:19
MERGED from [:com.google.android.gms.play-services-measurement-impl-21.2.0:] AndroidManifest.xml:29:5-30:19
MERGED from [:com.google.android.gms.play-services-tasks-18.0.2:] AndroidManifest.xml:5:5-20
MERGED from [:com.google.android.gms.play-services-tasks-18.0.2:] AndroidManifest.xml:5:5-20
MERGED from [:com.google.firebase.firebase-installations-17.0.1:] AndroidManifest.xml:14:5-22:19
MERGED from [:com.google.firebase.firebase-installations-17.0.1:] AndroidManifest.xml:14:5-22:19
MERGED from [:com.google.android.gms.play-services-safetynet-17.0.0:] AndroidManifest.xml:22:5-20
MERGED from [:com.google.android.gms.play-services-safetynet-17.0.0:] AndroidManifest.xml:22:5-20
MERGED from [:com.google.android.gms.play-services-ads-lite-21.3.0:] AndroidManifest.xml:38:3-43:17
MERGED from [:com.google.android.gms.play-services-ads-lite-21.3.0:] AndroidManifest.xml:38:3-43:17
MERGED from [:com.google.firebase.firebase-common-20.3.1:] AndroidManifest.xml:19:3-22:17
MERGED from [:com.google.firebase.firebase-common-20.3.1:] AndroidManifest.xml:19:3-22:17
MERGED from [:com.google.android.gms.play-services-appset-16.0.1:] AndroidManifest.xml:7:5-20
MERGED from [:com.google.android.gms.play-services-appset-16.0.1:] AndroidManifest.xml:7:5-20
MERGED from [:com.google.android.gms.play-services-basement-18.1.0:] AndroidManifest.xml:20:5-24:19
MERGED from [:com.google.android.gms.play-services-basement-18.1.0:] AndroidManifest.xml:20:5-24:19
MERGED from [:com.google.android.gms.play-services-measurement-base-21.2.0:] AndroidManifest.xml:7:5-20
MERGED from [:com.google.android.gms.play-services-measurement-base-21.2.0:] AndroidManifest.xml:7:5-20
MERGED from [:lunar-console:] AndroidManifest.xml:11:5-17:19
MERGED from [:lunar-console:] AndroidManifest.xml:11:5-17:19
MERGED from [:androidx.startup.startup-runtime-1.1.1:] AndroidManifest.xml:19:3-21:17
MERGED from [:androidx.startup.startup-runtime-1.1.1:] AndroidManifest.xml:19:3-21:17
MERGED from [:com.google.android.gms.play-services-ads-base-21.3.0:] AndroidManifest.xml:7:5-20
MERGED from [:com.google.android.gms.play-services-ads-base-21.3.0:] AndroidManifest.xml:7:5-20
MERGED from [:com.google.firebase.firebase-analytics-21.2.0:] AndroidManifest.xml:7:5-20
MERGED from [:com.google.firebase.firebase-analytics-21.2.0:] AndroidManifest.xml:7:5-20
MERGED from [:com.google.firebase.firebase-measurement-connector-19.0.0:] AndroidManifest.xml:22:5-23:19
MERGED from [:com.google.firebase.firebase-measurement-connector-19.0.0:] AndroidManifest.xml:22:5-23:19
MERGED from [:com.google.android.gms.play-services-measurement-21.2.0:] AndroidManifest.xml:28:5-44:19
MERGED from [:com.google.android.gms.play-services-measurement-21.2.0:] AndroidManifest.xml:28:5-44:19
MERGED from [:com.google.firebase.firebase-appcheck-interop-16.1.0:] AndroidManifest.xml:23:5-20
MERGED from [:com.google.firebase.firebase-appcheck-interop-16.1.0:] AndroidManifest.xml:23:5-20
MERGED from [:com.google.android.gms.play-services-base-18.2.0:] AndroidManifest.xml:19:5-23:19
MERGED from [:com.google.android.gms.play-services-base-18.2.0:] AndroidManifest.xml:19:5-23:19
MERGED from [:androidx.lifecycle.lifecycle-process-2.4.1:] AndroidManifest.xml:19:3-23:17
MERGED from [:androidx.lifecycle.lifecycle-process-2.4.1:] AndroidManifest.xml:19:3-23:17
MERGED from [:com.google.firebase.firebase-database-20.1.0:] AndroidManifest.xml:27:5-35:19
MERGED from [:com.google.firebase.firebase-database-20.1.0:] AndroidManifest.xml:27:5-35:19
MERGED from [:com.google.firebase.firebase-auth-21.1.0:] AndroidManifest.xml:26:5-71:19
MERGED from [:com.google.firebase.firebase-auth-21.1.0:] AndroidManifest.xml:26:5-71:19
MERGED from [:com.google.firebase.firebase-auth-interop-20.0.0:] AndroidManifest.xml:7:5-8:19
MERGED from [:com.google.firebase.firebase-auth-interop-20.0.0:] AndroidManifest.xml:7:5-8:19
MERGED from [:com.google.android.gms.play-services-measurement-sdk-21.2.0:] AndroidManifest.xml:22:5-23:19
MERGED from [:com.google.android.gms.play-services-measurement-sdk-21.2.0:] AndroidManifest.xml:22:5-23:19
MERGED from [:com.google.android.gms.play-services-stats-17.0.2:] AndroidManifest.xml:7:5-20
MERGED from [:com.google.android.gms.play-services-stats-17.0.2:] AndroidManifest.xml:7:5-20
MERGED from [:androidx.room.room-runtime-2.2.5:] AndroidManifest.xml:24:5-29:19
MERGED from [:androidx.room.room-runtime-2.2.5:] AndroidManifest.xml:24:5-29:19
MERGED from [:com.google.android.gms.play-services-ads-identifier-18.0.0:] AndroidManifest.xml:25:5-20
MERGED from [:com.google.android.gms.play-services-ads-identifier-18.0.0:] AndroidManifest.xml:25:5-20
MERGED from [:com.google.android.gms.play-services-measurement-api-21.2.0:] AndroidManifest.xml:27:5-35:19
MERGED from [:com.google.android.gms.play-services-measurement-api-21.2.0:] AndroidManifest.xml:27:5-35:19
MERGED from [:unityLibrary:GoogleMobileAdsPlugin.androidlib] AndroidManifest.xml:11:5-19:19
MERGED from [:unityLibrary:GoogleMobileAdsPlugin.androidlib] AndroidManifest.xml:11:5-19:19
	android:extractNativeLibs
		ADDED from [:unityLibrary] AndroidManifest.xml:29:18-50
	android:appComponentFactory
		ADDED from [:androidx.core.core-1.6.0:] AndroidManifest.xml:24:18-86
	android:label
		ADDED from src\main\AndroidManifest.xml:4:16-48
	android:icon
		ADDED from src\main\AndroidManifest.xml:4:49-80
uses-sdk
INJECTED from src\main\AndroidManifest.xml reason: use-sdk injection requested
INJECTED from src\main\AndroidManifest.xml
INJECTED from src\main\AndroidManifest.xml
MERGED from [:unityLibrary] AndroidManifest.xml:8:5-10:41
MERGED from [:unityLibrary] AndroidManifest.xml:8:5-10:41
MERGED from [:androidx.versionedparcelable.versionedparcelable-1.1.1:] AndroidManifest.xml:20:5-22:41
MERGED from [:androidx.versionedparcelable.versionedparcelable-1.1.1:] AndroidManifest.xml:20:5-22:41
MERGED from [:androidx.core.core-1.6.0:] AndroidManifest.xml:20:5-22:41
MERGED from [:androidx.core.core-1.6.0:] AndroidManifest.xml:20:5-22:41
MERGED from [:androidx.work.work-runtime-2.7.0:] AndroidManifest.xml:18:3-72
MERGED from [:androidx.work.work-runtime-2.7.0:] AndroidManifest.xml:18:3-72
MERGED from [:androidx.slidingpanelayout.slidingpanelayout-1.0.0:] AndroidManifest.xml:20:5-44
MERGED from [:androidx.slidingpanelayout.slidingpanelayout-1.0.0:] AndroidManifest.xml:20:5-44
MERGED from [:com.google.android.gms.play-services-measurement-impl-21.2.0:] AndroidManifest.xml:20:5-44
MERGED from [:com.google.android.gms.play-services-measurement-impl-21.2.0:] AndroidManifest.xml:20:5-44
MERGED from [:com.google.firebase.firebase-app-unity-10.6.0:] AndroidManifest.xml:7:3-41
MERGED from [:com.google.firebase.firebase-app-unity-10.6.0:] AndroidManifest.xml:7:3-41
MERGED from [:androidx.coordinatorlayout.coordinatorlayout-1.0.0:] AndroidManifest.xml:20:5-44
MERGED from [:androidx.coordinatorlayout.coordinatorlayout-1.0.0:] AndroidManifest.xml:20:5-44
MERGED from [:com.google.android.gms.play-services-tasks-18.0.2:] AndroidManifest.xml:4:5-43
MERGED from [:com.google.android.gms.play-services-tasks-18.0.2:] AndroidManifest.xml:4:5-43
MERGED from [:androidx.loader.loader-1.0.0:] AndroidManifest.xml:20:5-44
MERGED from [:androidx.loader.loader-1.0.0:] AndroidManifest.xml:20:5-44
MERGED from [:com.google.firebase.firebase-installations-17.0.1:] AndroidManifest.xml:6:5-8:41
MERGED from [:com.google.firebase.firebase-installations-17.0.1:] AndroidManifest.xml:6:5-8:41
MERGED from [:androidx.browser.browser-1.4.0:] AndroidManifest.xml:20:5-22:41
MERGED from [:androidx.browser.browser-1.4.0:] AndroidManifest.xml:20:5-22:41
MERGED from [:com.google.android.gms.play-services-safetynet-17.0.0:] AndroidManifest.xml:20:5-44
MERGED from [:com.google.android.gms.play-services-safetynet-17.0.0:] AndroidManifest.xml:20:5-44
MERGED from [:com.google.android.ump.user-messaging-platform-2.0.0:] AndroidManifest.xml:5:5-44
MERGED from [:com.google.android.ump.user-messaging-platform-2.0.0:] AndroidManifest.xml:5:5-44
MERGED from [:com.google.android.gms.play-services-ads-lite-21.3.0:] AndroidManifest.xml:18:3-42
MERGED from [:com.google.android.gms.play-services-ads-lite-21.3.0:] AndroidManifest.xml:18:3-42
MERGED from [:androidx.annotation.annotation-experimental-1.1.0:] AndroidManifest.xml:20:5-22:41
MERGED from [:androidx.annotation.annotation-experimental-1.1.0:] AndroidManifest.xml:20:5-22:41
MERGED from [:com.google.android.gms.play-services-auth-api-phone-17.4.0:] AndroidManifest.xml:5:5-44
MERGED from [:com.google.android.gms.play-services-auth-api-phone-17.4.0:] AndroidManifest.xml:5:5-44
MERGED from [:androidx.lifecycle.lifecycle-livedata-core-2.1.0:] AndroidManifest.xml:20:5-44
MERGED from [:androidx.lifecycle.lifecycle-livedata-core-2.1.0:] AndroidManifest.xml:20:5-44
MERGED from [:androidx.cursoradapter.cursoradapter-1.0.0:] AndroidManifest.xml:20:5-44
MERGED from [:androidx.cursoradapter.cursoradapter-1.0.0:] AndroidManifest.xml:20:5-44
MERGED from [:androidx.asynclayoutinflater.asynclayoutinflater-1.0.0:] AndroidManifest.xml:20:5-44
MERGED from [:androidx.asynclayoutinflater.asynclayoutinflater-1.0.0:] AndroidManifest.xml:20:5-44
MERGED from [:com.google.firebase.firebase-common-20.3.1:] AndroidManifest.xml:16:3-72
MERGED from [:com.google.firebase.firebase-common-20.3.1:] AndroidManifest.xml:16:3-72
MERGED from [:com.google.android.gms.play-services-appset-16.0.1:] AndroidManifest.xml:5:5-44
MERGED from [:com.google.android.gms.play-services-appset-16.0.1:] AndroidManifest.xml:5:5-44
MERGED from [:com.google.android.gms.play-services-basement-18.1.0:] AndroidManifest.xml:18:5-43
MERGED from [:com.google.android.gms.play-services-basement-18.1.0:] AndroidManifest.xml:18:5-43
MERGED from [:androidx.lifecycle.lifecycle-service-2.1.0:] AndroidManifest.xml:20:5-44
MERGED from [:androidx.lifecycle.lifecycle-service-2.1.0:] AndroidManifest.xml:20:5-44
MERGED from [:com.google.android.gms.play-services-measurement-base-21.2.0:] AndroidManifest.xml:5:5-44
MERGED from [:com.google.android.gms.play-services-measurement-base-21.2.0:] AndroidManifest.xml:5:5-44
MERGED from [:lunar-console:] AndroidManifest.xml:7:5-9:41
MERGED from [:lunar-console:] AndroidManifest.xml:7:5-9:41
MERGED from [:com.google.firebase.firebase-components-17.1.0:] AndroidManifest.xml:18:5-20:41
MERGED from [:com.google.firebase.firebase-components-17.1.0:] AndroidManifest.xml:18:5-20:41
MERGED from [:androidx.startup.startup-runtime-1.1.1:] AndroidManifest.xml:18:3-72
MERGED from [:androidx.startup.startup-runtime-1.1.1:] AndroidManifest.xml:18:3-72
MERGED from [:com.google.android.gms.play-services-measurement-sdk-api-21.2.0:] AndroidManifest.xml:20:5-44
MERGED from [:com.google.android.gms.play-services-measurement-sdk-api-21.2.0:] AndroidManifest.xml:20:5-44
MERGED from [:androidx.drawerlayout.drawerlayout-1.0.0:] AndroidManifest.xml:20:5-44
MERGED from [:androidx.drawerlayout.drawerlayout-1.0.0:] AndroidManifest.xml:20:5-44
MERGED from [:com.google.android.gms.play-services-ads-base-21.3.0:] AndroidManifest.xml:5:5-44
MERGED from [:com.google.android.gms.play-services-ads-base-21.3.0:] AndroidManifest.xml:5:5-44
MERGED from [:com.google.firebase.firebase-analytics-21.2.0:] AndroidManifest.xml:5:5-44
MERGED from [:com.google.firebase.firebase-analytics-21.2.0:] AndroidManifest.xml:5:5-44
MERGED from [:com.google.firebase.firebase-measurement-connector-19.0.0:] AndroidManifest.xml:20:5-44
MERGED from [:com.google.firebase.firebase-measurement-connector-19.0.0:] AndroidManifest.xml:20:5-44
MERGED from [:com.google.firebase.firebase-database-unity-10.6.0:] AndroidManifest.xml:7:3-41
MERGED from [:com.google.firebase.firebase-database-unity-10.6.0:] AndroidManifest.xml:7:3-41
MERGED from [:androidx.documentfile.documentfile-1.0.0:] AndroidManifest.xml:20:5-44
MERGED from [:androidx.documentfile.documentfile-1.0.0:] AndroidManifest.xml:20:5-44
MERGED from [:com.google.android.gms.play-services-measurement-21.2.0:] AndroidManifest.xml:20:5-44
MERGED from [:com.google.android.gms.play-services-measurement-21.2.0:] AndroidManifest.xml:20:5-44
MERGED from [:androidx.interpolator.interpolator-1.0.0:] AndroidManifest.xml:20:5-44
MERGED from [:androidx.interpolator.interpolator-1.0.0:] AndroidManifest.xml:20:5-44
MERGED from [:com.google.firebase.firebase-appcheck-interop-16.1.0:] AndroidManifest.xml:18:5-20:41
MERGED from [:com.google.firebase.firebase-appcheck-interop-16.1.0:] AndroidManifest.xml:18:5-20:41
MERGED from [:com.google.android.gms.play-services-base-18.2.0:] AndroidManifest.xml:18:5-43
MERGED from [:com.google.android.gms.play-services-base-18.2.0:] AndroidManifest.xml:18:5-43
MERGED from [:androidx.lifecycle.lifecycle-process-2.4.1:] AndroidManifest.xml:18:3-72
MERGED from [:androidx.lifecycle.lifecycle-process-2.4.1:] AndroidManifest.xml:18:3-72
MERGED from [:com.google.firebase.firebase-database-20.1.0:] AndroidManifest.xml:18:5-20:41
MERGED from [:com.google.firebase.firebase-database-20.1.0:] AndroidManifest.xml:18:5-20:41
MERGED from [:com.google.firebase.firebase-auth-21.1.0:] AndroidManifest.xml:21:5-44
MERGED from [:com.google.firebase.firebase-auth-21.1.0:] AndroidManifest.xml:21:5-44
MERGED from [:com.google.firebase.firebase-auth-interop-20.0.0:] AndroidManifest.xml:5:5-44
MERGED from [:com.google.firebase.firebase-auth-interop-20.0.0:] AndroidManifest.xml:5:5-44
MERGED from [:androidx.lifecycle.lifecycle-runtime-2.4.1:] AndroidManifest.xml:20:5-22:41
MERGED from [:androidx.lifecycle.lifecycle-runtime-2.4.1:] AndroidManifest.xml:20:5-22:41
MERGED from [:androidx.sqlite.sqlite-2.1.0:] AndroidManifest.xml:20:5-22:41
MERGED from [:androidx.sqlite.sqlite-2.1.0:] AndroidManifest.xml:20:5-22:41
MERGED from [:com.google.firebase.firebase-installations-interop-17.0.1:] AndroidManifest.xml:19:5-21:41
MERGED from [:com.google.firebase.firebase-installations-interop-17.0.1:] AndroidManifest.xml:19:5-21:41
MERGED from [:androidx.print.print-1.0.0:] AndroidManifest.xml:20:5-44
MERGED from [:androidx.print.print-1.0.0:] AndroidManifest.xml:20:5-44
MERGED from [:androidx.legacy.legacy-support-core-utils-1.0.0:] AndroidManifest.xml:20:5-44
MERGED from [:androidx.legacy.legacy-support-core-utils-1.0.0:] AndroidManifest.xml:20:5-44
MERGED from [:androidx.sqlite.sqlite-framework-2.1.0:] AndroidManifest.xml:20:5-22:41
MERGED from [:androidx.sqlite.sqlite-framework-2.1.0:] AndroidManifest.xml:20:5-22:41
MERGED from [:com.google.android.gms.play-services-measurement-sdk-21.2.0:] AndroidManifest.xml:20:5-44
MERGED from [:com.google.android.gms.play-services-measurement-sdk-21.2.0:] AndroidManifest.xml:20:5-44
MERGED from [:com.google.android.gms.play-services-stats-17.0.2:] AndroidManifest.xml:5:5-44
MERGED from [:com.google.android.gms.play-services-stats-17.0.2:] AndroidManifest.xml:5:5-44
MERGED from [:googlemobileads-unity:] AndroidManifest.xml:10:5-44
MERGED from [:googlemobileads-unity:] AndroidManifest.xml:10:5-44
MERGED from [:androidx.legacy.legacy-support-core-ui-1.0.0:] AndroidManifest.xml:20:5-44
MERGED from [:androidx.legacy.legacy-support-core-ui-1.0.0:] AndroidManifest.xml:20:5-44
MERGED from [:com.google.firebase.firebase-auth-unity-10.6.0:] AndroidManifest.xml:7:3-41
MERGED from [:com.google.firebase.firebase-auth-unity-10.6.0:] AndroidManifest.xml:7:3-41
MERGED from [:androidx.room.room-runtime-2.2.5:] AndroidManifest.xml:20:5-22:41
MERGED from [:androidx.room.room-runtime-2.2.5:] AndroidManifest.xml:20:5-22:41
MERGED from [:androidx.lifecycle.lifecycle-livedata-2.1.0:] AndroidManifest.xml:20:5-44
MERGED from [:androidx.lifecycle.lifecycle-livedata-2.1.0:] AndroidManifest.xml:20:5-44
MERGED from [:androidx.arch.core.core-runtime-2.1.0:] AndroidManifest.xml:20:5-22:41
MERGED from [:androidx.arch.core.core-runtime-2.1.0:] AndroidManifest.xml:20:5-22:41
MERGED from [:androidx.customview.customview-1.0.0:] AndroidManifest.xml:20:5-44
MERGED from [:androidx.customview.customview-1.0.0:] AndroidManifest.xml:20:5-44
MERGED from [:androidx.viewpager.viewpager-1.0.0:] AndroidManifest.xml:20:5-44
MERGED from [:androidx.viewpager.viewpager-1.0.0:] AndroidManifest.xml:20:5-44
MERGED from [:com.google.firebase.firebase-database-collection-18.0.1:] AndroidManifest.xml:5:5-7:41
MERGED from [:com.google.firebase.firebase-database-collection-18.0.1:] AndroidManifest.xml:5:5-7:41
MERGED from [:androidx.fragment.fragment-1.0.0:] AndroidManifest.xml:20:5-44
MERGED from [:androidx.fragment.fragment-1.0.0:] AndroidManifest.xml:20:5-44
MERGED from [:androidx.swiperefreshlayout.swiperefreshlayout-1.0.0:] AndroidManifest.xml:20:5-44
MERGED from [:androidx.swiperefreshlayout.swiperefreshlayout-1.0.0:] AndroidManifest.xml:20:5-44
MERGED from [:androidx.localbroadcastmanager.localbroadcastmanager-1.0.0:] AndroidManifest.xml:20:5-44
MERGED from [:androidx.localbroadcastmanager.localbroadcastmanager-1.0.0:] AndroidManifest.xml:20:5-44
MERGED from [:com.google.android.gms.play-services-ads-21.3.0:] AndroidManifest.xml:21:5-23:52
MERGED from [:com.google.android.gms.play-services-ads-21.3.0:] AndroidManifest.xml:21:5-23:52
MERGED from [:com.google.android.gms.play-services-ads-identifier-18.0.0:] AndroidManifest.xml:20:5-44
MERGED from [:com.google.android.gms.play-services-ads-identifier-18.0.0:] AndroidManifest.xml:20:5-44
MERGED from [:com.google.android.gms.play-services-measurement-api-21.2.0:] AndroidManifest.xml:20:5-44
MERGED from [:com.google.android.gms.play-services-measurement-api-21.2.0:] AndroidManifest.xml:20:5-44
MERGED from [:androidx.tracing.tracing-1.0.0:] AndroidManifest.xml:20:5-22:41
MERGED from [:androidx.tracing.tracing-1.0.0:] AndroidManifest.xml:20:5-22:41
MERGED from [:androidx.lifecycle.lifecycle-viewmodel-2.0.0:] AndroidManifest.xml:20:5-44
MERGED from [:androidx.lifecycle.lifecycle-viewmodel-2.0.0:] AndroidManifest.xml:20:5-44
MERGED from [:unityLibrary:GoogleMobileAdsPlugin.androidlib] AndroidManifest.xml:7:5-9:40
MERGED from [:unityLibrary:GoogleMobileAdsPlugin.androidlib] AndroidManifest.xml:7:5-9:40
MERGED from [:unityLibrary:FirebaseApp.androidlib] AndroidManifest.xml:7:5-9:40
MERGED from [:unityLibrary:FirebaseApp.androidlib] AndroidManifest.xml:7:5-9:40
INJECTED from src\main\AndroidManifest.xml
INJECTED from src\main\AndroidManifest.xml
	tools:overrideLibrary
		ADDED from [:com.google.android.gms.play-services-ads-21.3.0:] AndroidManifest.xml:23:9-49
	android:targetSdkVersion
		INJECTED from src\main\AndroidManifest.xml
		ADDED from src\main\AndroidManifest.xml
		INJECTED from src\main\AndroidManifest.xml
	android:minSdkVersion
		INJECTED from src\main\AndroidManifest.xml
		ADDED from src\main\AndroidManifest.xml
		INJECTED from src\main\AndroidManifest.xml
uses-feature#0x00030000
ADDED from [:unityLibrary] AndroidManifest.xml:12:5-54
	android:glEsVersion
		ADDED from [:unityLibrary] AndroidManifest.xml:12:19-51
uses-feature#android.hardware.vulkan.version
ADDED from [:unityLibrary] AndroidManifest.xml:13:5-15:36
	android:required
		ADDED from [:unityLibrary] AndroidManifest.xml:15:9-33
	android:name
		ADDED from [:unityLibrary] AndroidManifest.xml:14:9-55
uses-permission#android.permission.INTERNET
ADDED from [:unityLibrary] AndroidManifest.xml:17:5-67
MERGED from [:com.google.android.gms.play-services-measurement-impl-21.2.0:] AndroidManifest.xml:23:5-67
MERGED from [:com.google.android.gms.play-services-measurement-impl-21.2.0:] AndroidManifest.xml:23:5-67
MERGED from [:com.google.firebase.firebase-installations-17.0.1:] AndroidManifest.xml:11:5-67
MERGED from [:com.google.firebase.firebase-installations-17.0.1:] AndroidManifest.xml:11:5-67
MERGED from [:com.google.android.gms.play-services-ads-lite-21.3.0:] AndroidManifest.xml:20:3-65
MERGED from [:com.google.android.gms.play-services-ads-lite-21.3.0:] AndroidManifest.xml:20:3-65
MERGED from [:com.google.android.gms.play-services-measurement-sdk-api-21.2.0:] AndroidManifest.xml:23:5-67
MERGED from [:com.google.android.gms.play-services-measurement-sdk-api-21.2.0:] AndroidManifest.xml:23:5-67
MERGED from [:com.google.android.gms.play-services-measurement-21.2.0:] AndroidManifest.xml:23:5-67
MERGED from [:com.google.android.gms.play-services-measurement-21.2.0:] AndroidManifest.xml:23:5-67
MERGED from [:com.google.firebase.firebase-database-20.1.0:] AndroidManifest.xml:25:5-67
MERGED from [:com.google.firebase.firebase-database-20.1.0:] AndroidManifest.xml:25:5-67
MERGED from [:com.google.firebase.firebase-auth-21.1.0:] AndroidManifest.xml:23:5-67
MERGED from [:com.google.firebase.firebase-auth-21.1.0:] AndroidManifest.xml:23:5-67
MERGED from [:googlemobileads-unity:] AndroidManifest.xml:12:5-67
MERGED from [:googlemobileads-unity:] AndroidManifest.xml:12:5-67
MERGED from [:com.google.android.gms.play-services-measurement-api-21.2.0:] AndroidManifest.xml:22:5-67
MERGED from [:com.google.android.gms.play-services-measurement-api-21.2.0:] AndroidManifest.xml:22:5-67
	android:name
		ADDED from [:unityLibrary] AndroidManifest.xml:17:22-64
uses-feature#android.hardware.touchscreen
ADDED from [:unityLibrary] AndroidManifest.xml:19:5-21:36
	android:required
		ADDED from [:unityLibrary] AndroidManifest.xml:21:9-33
	android:name
		ADDED from [:unityLibrary] AndroidManifest.xml:20:9-52
uses-feature#android.hardware.touchscreen.multitouch
ADDED from [:unityLibrary] AndroidManifest.xml:22:5-24:36
	android:required